\BOOKMARK [1][-]{section*.1}{\376\377\000A\000b\000s\000t\000r\000a\000c\000t}{}% 1
\BOOKMARK [1][-]{section.1}{\376\377\0001\000\040\000I\000n\000t\000r\000o\000d\000u\000c\000t\000i\000o\000n}{}% 2
\BOOKMARK [2][-]{subsection.1.1}{\376\377\0001\000.\0001\000\040\000I\000m\000p\000a\000c\000t\000\040\000o\000n\000\040\000d\000e\000c\000e\000n\000t\000r\000a\000l\000i\000s\000a\000t\000i\000o\000n}{section.1}% 3
\BOOKMARK [2][-]{subsection.1.2}{\376\377\0001\000.\0002\000\040\000R\000e\000l\000e\000v\000a\000n\000c\000e\000\040\000t\000o\000\040\000B\000r\000i\000d\000g\000e\000\040\000S\000e\000c\000u\000r\000i\000t\000y}{section.1}% 4
\BOOKMARK [2][-]{subsection.1.3}{\376\377\0001\000.\0003\000\040\000A\000p\000p\000l\000i\000c\000a\000b\000i\000l\000i\000t\000y\000\040\000o\000f\000\040\000O\000u\000r\000\040\000S\000c\000h\000e\000m\000e}{section.1}% 5
\BOOKMARK [1][-]{section.2}{\376\377\0002\000\040\000O\000u\000r\000\040\000S\000o\000l\000u\000t\000i\000o\000n}{}% 6
\BOOKMARK [2][-]{subsection.2.1}{\376\377\0002\000.\0001\000\040\000S\000k\000e\000t\000c\000h\000\040\000o\000f\000\040\000C\000o\000m\000m\000i\000t\000t\000e\000e\000\040\000K\000e\000y\000\040\000S\000c\000h\000e\000m\000e}{section.2}% 7
\BOOKMARK [2][-]{subsection.2.2}{\376\377\0002\000.\0002\000\040\000F\000r\000o\000m\000\040\000C\000K\000S\000\040\000t\000o\000\040\000A\000c\000c\000o\000u\000n\000t\000a\000b\000l\000e\000\040\000L\000i\000g\000h\000t\000\040\000C\000l\000i\000e\000n\000t}{section.2}% 8
\BOOKMARK [2][-]{subsection.2.3}{\376\377\0002\000.\0003\000\040\000O\000u\000r\000\040\000C\000u\000s\000t\000o\000m\000\040\000S\000N\000A\000R\000K\000s}{section.2}% 9
\BOOKMARK [2][-]{subsection.2.4}{\376\377\0002\000.\0004\000\040\000R\000e\000l\000a\000t\000e\000d\000\040\000W\000o\000r\000k}{section.2}% 10
\BOOKMARK [1][-]{section.3}{\376\377\0003\000\040\000I\000m\000p\000l\000e\000m\000e\000n\000t\000a\000t\000i\000o\000n}{}% 11
\BOOKMARK [1][-]{section.4}{\376\377\0004\000\040\000P\000r\000e\000l\000i\000m\000i\000n\000a\000r\000i\000e\000s}{}% 12
\BOOKMARK [2][-]{subsection.4.1}{\376\377\0004\000.\0001\000\040\000P\000a\000i\000r\000i\000n\000g\000s}{section.4}% 13
\BOOKMARK [2][-]{subsection.4.2}{\376\377\0004\000.\0002\000\040\000S\000e\000c\000u\000r\000e\000\040\000S\000i\000g\000n\000a\000t\000u\000r\000e\000\040\000A\000g\000g\000r\000e\000g\000a\000t\000i\000o\000n}{section.4}% 14
\BOOKMARK [2][-]{subsection.4.3}{\376\377\0004\000.\0003\000\040\000C\000o\000m\000m\000i\000t\000t\000e\000e\000\040\000K\000e\000y\000\040\000S\000c\000h\000e\000m\000e}{section.4}% 15
\BOOKMARK [2][-]{subsection.4.4}{\376\377\0004\000.\0004\000\040\000C\000o\000n\000d\000i\000t\000i\000o\000n\000a\000l\000\040\000N\000P\000\040\000R\000e\000l\000a\000t\000i\000o\000n\000s}{section.4}% 16
\BOOKMARK [2][-]{subsection.4.5}{\376\377\0004\000.\0005\000\040\000S\000N\000A\000R\000K\000s}{section.4}% 17
\BOOKMARK [2][-]{subsection.4.6}{\376\377\0004\000.\0006\000\040\000P\000o\000l\000y\000n\000o\000m\000i\000a\000l\000\040\000P\000r\000o\000t\000o\000c\000o\000l\000s\000,\000\040\000P\000o\000l\000y\000n\000o\000m\000i\000a\000l\000\040\000C\000o\000m\000m\000i\000t\000m\000e\000n\000t\000s\000\040\000a\000n\000d\000\040\000L\000a\000g\000r\000a\000n\000g\000e\000\040\000B\000a\000s\000e\000s}{section.4}% 18
\BOOKMARK [1][-]{section.5}{\376\377\0005\000\040\000C\000u\000s\000t\000o\000m\000\040\000S\000N\000A\000R\000K\000s\000\040\000f\000o\000r\000\040\000A\000g\000g\000r\000e\000g\000a\000t\000i\000o\000n\000\040}{}% 19
\BOOKMARK [2][-]{subsection.5.1}{\376\377\0005\000.\0001\000\040\000B\000a\000s\000i\000c\000\040\000A\000c\000c\000o\000u\000n\000t\000a\000b\000l\000e\000\040\000P\000r\000o\000t\000o\000c\000o\000l}{section.5}% 20
\BOOKMARK [2][-]{subsection.5.2}{\376\377\0005\000.\0002\000\040\000O\000u\000r\000\040\000C\000u\000s\000t\000o\000m\000\040\000S\000N\000A\000R\000K\000s}{section.5}% 21
\BOOKMARK [2][-]{subsection.5.3}{\376\377\0005\000.\0003\000\040\000O\000u\000r\000\040\000I\000n\000s\000t\000a\000n\000t\000i\000a\000t\000i\000o\000n\000\040\000f\000o\000r\000\040\000C\000K\000S}{section.5}% 22
\BOOKMARK [1][-]{section.6}{\376\377\0006\000\040\000C\000o\000n\000c\000l\000u\000s\000i\000o\000n\000s}{}% 23
\BOOKMARK [1][-]{section*.24}{\376\377\000R\000e\000f\000e\000r\000e\000n\000c\000e\000s}{}% 24
\BOOKMARK [1][-]{appendix.A}{\376\377\000A\000\040\000A\000g\000g\000r\000e\000g\000a\000t\000a\000b\000l\000e\000\040\000S\000i\000g\000n\000a\000t\000u\000r\000e\000\040\000S\000c\000h\000e\000m\000e\000\040\000D\000e\000f\000i\000n\000i\000t\000i\000o\000n}{}% 25
\BOOKMARK [1][-]{appendix.B}{\376\377\000B\000\040\000H\000y\000b\000r\000i\000d\000\040\000M\000o\000d\000e\000l\000\040\000S\000N\000A\000R\000K\000S}{}% 26
\BOOKMARK [1][-]{appendix.C}{\376\377\000C\000\040\000R\000a\000n\000g\000e\000d\000\040\000P\000o\000l\000y\000n\000o\000m\000i\000a\000l\000\040\000P\000r\000o\000t\000o\000c\000o\000l\000s\000\040\000f\000o\000r\000\040\000N\000P\000\040\000R\000e\000l\000a\000t\000i\000o\000n\000s}{}% 27
\BOOKMARK [1][-]{appendix.D}{\376\377\000D\000\040\000C\000h\000o\000o\000s\000i\000n\000g\000\040\000h\000\040\000w\000h\000e\000n\000\040\000E\000i\000n\000n\000\040\000=\000\040\000G\0001\000,\000i\000n\000n}{}% 28
\BOOKMARK [1][-]{appendix.E}{\376\377\000E\000\040\000P\000a\000c\000k\000e\000d\000\040\000A\000c\000c\000o\000u\000n\000t\000a\000b\000l\000e\000\040\000P\000r\000o\000t\000o\000c\000o\000l}{}% 29
\BOOKMARK [1][-]{appendix.F}{\376\377\000F\000\040\000P\000o\000s\000t\000p\000o\000n\000e\000d\000\040\000P\000r\000o\000o\000f\000s\000\040\000f\000o\000r\000\040\000P\000a\000c\000k\000e\000d\000\040\000A\000c\000c\000o\000u\000n\000t\000a\000b\000l\000e\000\040\000R\000a\000n\000g\000e\000d\000\040\000P\000o\000l\000y\000n\000o\000m\000i\000a\000l\000\040\000P\000r\000o\000t\000o\000c\000o\000l}{}% 30
\BOOKMARK [1][-]{appendix.G}{\376\377\000G\000\040\000C\000o\000m\000p\000i\000l\000e\000r\000\040\000f\000o\000r\000\040\000H\000y\000b\000r\000i\000d\000\040\000M\000o\000d\000e\000l\000\040\000S\000N\000A\000R\000K\000s\000\040\000w\000i\000t\000h\000\040\000M\000i\000x\000e\000d\000\040\000I\000n\000p\000u\000t\000s}{}% 31
\BOOKMARK [2][-]{subsection.G.1}{\376\377\000G\000.\0001\000\040\000T\000e\000c\000h\000n\000i\000c\000a\000l\000\040\000C\000h\000a\000l\000l\000e\000n\000g\000e\000s\000\040\000a\000n\000d\000\040\000C\000o\000n\000t\000r\000i\000b\000u\000t\000i\000o\000n\000s\000\040\000R\000e\000g\000a\000r\000d\000i\000n\000g\000\040\000o\000u\000r\000\040\000C\000u\000s\000t\000o\000m\000\040\000S\000N\000A\000R\000K\000s}{appendix.G}% 32
\BOOKMARK [2][-]{subsection.G.2}{\376\377\000G\000.\0002\000\040\000S\000N\000A\000R\000K\000\040\000c\000o\000m\000p\000i\000l\000e\000r}{appendix.G}% 33
\BOOKMARK [2][-]{subsection.G.3}{\376\377\000G\000.\0003\000\040\000O\000u\000r\000\040\000C\000o\000m\000p\000i\000l\000e\000r\000:\000\040\000S\000t\000e\000p\000\040\0001}{appendix.G}% 34
\BOOKMARK [2][-]{subsection.G.4}{\376\377\000G\000.\0004\000\040\000O\000u\000r\000\040\000C\000o\000m\000p\000i\000l\000e\000r\000:\000\040\000S\000t\000e\000p\000\040\0002}{appendix.G}% 35
\BOOKMARK [1][-]{appendix.H}{\376\377\000H\000\040\000R\000o\000l\000l\000e\000d\000\040\000o\000u\000t\000\040\000P\000r\000o\000t\000o\000c\000o\000l\000\040\000P\000p\000a\000h\000\040\000f\000o\000r\000\040\000R\000e\000l\000a\000t\000i\000o\000n\000\040\000R\000i\000n\000c\000l\000p\000a\000,\000c\000o\000m}{}% 36
\BOOKMARK [1][-]{appendix.I}{\376\377\000I\000\040\000C\000o\000m\000p\000a\000r\000i\000s\000o\000n\000\040\000b\000e\000t\000w\000e\000e\000n\000\040\000P\000L\000O\000N\000K\000\040\000a\000n\000d\000\040\000o\000u\000r\000\040\000S\000N\000A\000R\000K\000s}{}% 37
\BOOKMARK [1][-]{appendix.J}{\376\377\000J\000\040\000P\000o\000s\000t\000p\000o\000n\000e\000d\000\040\000S\000e\000c\000u\000r\000i\000t\000y\000\040\000P\000r\000o\000o\000f\000\040\000f\000o\000r\000\040\000C\000o\000m\000m\000i\000t\000t\000e\000e\000\040\000K\000e\000y\000\040\000S\000c\000h\000e\000m\000e}{}% 38
\BOOKMARK [1][-]{appendix.K}{\376\377\000K\000\040\000A\000n\000\040\000A\000c\000c\000o\000u\000n\000t\000a\000b\000l\000e\000\040\000L\000i\000g\000h\000t\000\040\000C\000l\000i\000e\000n\000t\000\040\000S\000y\000s\000t\000e\000m}{}% 39
\BOOKMARK [2][-]{subsection.K.1}{\376\377\000K\000.\0001\000\040\000I\000n\000f\000o\000r\000m\000a\000l\000\040\000M\000o\000d\000e\000l\000\040\000a\000n\000d\000\040\000C\000o\000n\000t\000e\000x\000t}{appendix.K}% 40
\BOOKMARK [2][-]{subsection.K.2}{\376\377\000K\000.\0002\000\040\000A\000\040\000F\000o\000r\000m\000a\000l\000\040\000M\000o\000d\000e\000l\000\040\000f\000o\000r\000\040\000C\000o\000n\000s\000e\000n\000s\000u\000s\000-\000b\000a\000s\000e\000d\000\040\000A\000c\000c\000o\000u\000n\000t\000a\000b\000l\000e\000\040\000L\000i\000g\000h\000t\000\040\000C\000l\000i\000e\000n\000t\000\040\000D\000e\000s\000i\000g\000n}{appendix.K}% 41
\BOOKMARK [2][-]{subsection.K.3}{\376\377\000K\000.\0003\000\040\000A\000c\000c\000o\000u\000n\000t\000a\000b\000l\000e\000\040\000L\000i\000g\000h\000t\000\040\000C\000l\000i\000e\000n\000t\000\040\000S\000y\000s\000t\000e\000m\000\040\000I\000n\000s\000t\000a\000n\000t\000i\000a\000t\000i\000o\000n}{appendix.K}% 42
\BOOKMARK [1][-]{appendix.L}{\376\377\000L\000\040\000P\000o\000s\000t\000p\000o\000n\000e\000d\000\040\000S\000e\000c\000u\000r\000i\000t\000y\000\040\000P\000r\000o\000o\000f\000\040\000f\000o\000r\000\040\000L\000i\000g\000h\000t\000\040\000C\000l\000i\000e\000n\000t\000\040\000S\000y\000s\000t\000e\000m\000s}{}% 43
\BOOKMARK [1][-]{appendix.M}{\376\377\000M\000\040\000P\000o\000s\000t\000p\000o\000n\000e\000d\000\040\000S\000e\000c\000u\000r\000i\000t\000y\000\040\000P\000r\000o\000o\000f\000\040\000f\000o\000r\000\040\000A\000c\000c\000o\000u\000n\000t\000a\000b\000l\000e\000\040\000L\000i\000g\000h\000t\000\040\000C\000l\000i\000e\000n\000t\000\040\000S\000y\000s\000t\000e\000m\000s}{}% 44
\BOOKMARK [1][-]{appendix.N}{\376\377\000N\000\040\000I\000s\000\040\000o\000u\000r\000\040\000p\000r\000o\000t\000o\000c\000o\000l\000\040\000a\000p\000p\000l\000i\000c\000a\000b\000l\000e\000\040\000t\000o\000\040\000E\000t\000h\000e\000r\000e\000u\000m\000?}{}% 45
